<?xml version="1.0" encoding="UTF-8"?>
<testng-results total="1" passed="1" failed="0" skipped="0">
  <reporter-output>
  </reporter-output>
  <suite started-at="2022-12-09T00:00:09Z" name="test.com.ProductSearchTest" finished-at="2022-12-09T00:00:57Z" duration-ms="48339">
    <groups>
    </groups>
    <test started-at="2022-12-09T00:00:09Z" name="Command line test" finished-at="2022-12-09T00:00:57Z" duration-ms="48339">
      <class name="test.com.ProductSearchTest">
        <test-method is-config="true" signature="setUpClass()[pri:0, instance:test.com.ProductSearchTest@306279ee]" started-at="2022-12-08T19:00:09Z" name="setUpClass" finished-at="2022-12-08T19:00:09Z" duration-ms="14" status="PASS">
          <reporter-output>
          </reporter-output>
        </test-method> <!-- setUpClass -->
        <test-method is-config="true" signature="setUpMethod()[pri:0, instance:test.com.ProductSearchTest@306279ee]" started-at="2022-12-08T19:00:09Z" name="setUpMethod" finished-at="2022-12-08T19:00:22Z" duration-ms="13174" status="PASS">
          <reporter-output>
          </reporter-output>
        </test-method> <!-- setUpMethod -->
        <test-method signature="photopage()[pri:0, instance:test.com.ProductSearchTest@306279ee]" started-at="2022-12-08T19:00:22Z" name="photopage" finished-at="2022-12-08T19:00:57Z" duration-ms="35135" status="PASS">
          <reporter-output>
          </reporter-output>
        </test-method> <!-- photopage -->
        <test-method is-config="true" signature="tearDownMethod()[pri:0, instance:test.com.ProductSearchTest@306279ee]" started-at="2022-12-08T19:00:57Z" name="tearDownMethod" finished-at="2022-12-08T19:00:57Z" duration-ms="1" status="PASS">
          <reporter-output>
          </reporter-output>
        </test-method> <!-- tearDownMethod -->
        <test-method is-config="true" signature="tearDownClass()[pri:0, instance:test.com.ProductSearchTest@306279ee]" started-at="2022-12-08T19:00:57Z" name="tearDownClass" finished-at="2022-12-08T19:00:57Z" duration-ms="0" status="PASS">
          <reporter-output>
          </reporter-output>
        </test-method> <!-- tearDownClass -->
      </class> <!-- test.com.ProductSearchTest -->
    </test> <!-- Command line test -->
  </suite> <!-- test.com.ProductSearchTest -->
</testng-results>
